{
  "RSpec": {
    "coverage": {
      "/app/app/helpers/application_helper.rb": {
        "lines": [
          1,
          null
        ]
      },
      "/app/app/controllers/cnab_files_controller.rb": {
        "lines": [
          1,
          1,
          2,
          null,
          null,
          1,
          3,
          null,
          3,
          1,
          1,
          1,
          null,
          2,
          null,
          null,
          null,
          1,
          null,
          1,
          3,
          null,
          null
        ]
      },
      "/app/app/controllers/application_controller.rb": {
        "lines": [
          1,
          null,
          1,
          null,
          null,
          1,
          null
        ]
      },
      "/app/app/controllers/configuration_controller.rb": {
        "lines": [
          1,
          null,
          1,
          1,
          null,
          null,
          1,
          2,
          null,
          1,
          1,
          1,
          null,
          0,
          null,
          null,
          1,
          null,
          2,
          null,
          null
        ]
      },
      "/app/app/controllers/stores_controller.rb": {
        "lines": [
          1,
          1,
          null,
          5,
          0,
          0,
          0,
          null,
          0,
          null,
          null,
          null,
          null
        ]
      },
      "/app/app/models/store.rb": {
        "lines": [
          1,
          1,
          null,
          1,
          1,
          null,
          null,
          1,
          6,
          4,
          null,
          null,
          null
        ]
      },
      "/app/app/models/application_record.rb": {
        "lines": [
          1,
          1,
          null
        ]
      },
      "/app/app/models/transaction.rb": {
        "lines": [
          1,
          1,
          null,
          null,
          null,
          1,
          null,
          null,
          null,
          null,
          null,
          null,
          null,
          null,
          null,
          null,
          1,
          1,
          1,
          1,
          1,
          1,
          1,
          null,
          null,
          1,
          6,
          null,
          null,
          1,
          0,
          null,
          null,
          1,
          2,
          null,
          null,
          1,
          2,
          null,
          null
        ]
      },
      "/app/app/services/cnab_importer.rb": {
        "lines": [
          1,
          1,
          3,
          null,
          null,
          1,
          3,
          3,
          3,
          3,
          null,
          null,
          1,
          null,
          3,
          null,
          null,
          3,
          null,
          3,
          null,
          null,
          2,
          2,
          2,
          2,
          null,
          null,
          null,
          2,
          null,
          2,
          2,
          null,
          null,
          null,
          null,
          null,
          null,
          null,
          null,
          null,
          null,
          2,
          null,
          null,
          null,
          null,
          2,
          null,
          0,
          null,
          0,
          null,
          null
        ]
      },
      "/app/app/models/cnab_file.rb": {
        "lines": [
          1,
          1,
          null,
          1,
          1,
          null,
          1,
          null,
          1,
          3,
          null,
          null,
          1,
          null,
          1,
          1,
          null,
          0,
          0,
          null,
          0,
          null,
          null,
          null
        ]
      },
      "/app/app/services/cnab_parser.rb": {
        "lines": [
          1,
          null,
          null,
          null,
          null,
          null,
          null,
          null,
          null,
          null,
          null,
          null,
          null,
          null,
          null,
          null,
          null,
          null,
          1,
          null,
          1,
          3,
          null,
          null,
          1,
          3,
          3,
          null,
          null,
          1,
          3,
          null,
          3,
          null,
          3,
          3,
          null,
          null,
          3,
          null,
          null,
          3,
          2,
          null,
          2,
          null,
          null,
          null,
          null,
          null,
          2,
          null,
          1,
          null,
          null,
          null,
          3,
          null,
          null,
          1,
          null,
          1,
          null,
          3,
          null,
          null,
          3,
          null,
          null,
          null,
          2,
          null,
          null,
          2,
          2,
          2,
          2,
          2,
          null,
          null,
          null,
          2,
          2,
          null,
          null,
          2,
          2,
          null,
          null,
          2,
          null,
          0,
          0,
          null,
          null,
          2,
          null,
          2,
          null,
          null,
          2,
          null,
          null,
          null,
          2,
          null,
          0,
          null,
          null,
          null,
          2,
          null,
          null,
          null,
          2,
          2,
          2,
          2,
          null,
          0,
          null,
          null,
          2,
          null,
          null,
          2,
          null,
          null,
          null,
          null,
          null,
          null,
          null,
          null,
          null,
          null,
          null,
          null,
          1,
          14,
          14,
          14,
          null,
          null,
          14,
          14,
          null,
          null
        ]
      },
      "/app/app/jobs/application_job.rb": {
        "lines": [
          0,
          null,
          null,
          null,
          null,
          null,
          0
        ],
        "branches": {}
      },
      "/app/app/mailers/application_mailer.rb": {
        "lines": [
          0,
          0,
          0,
          0
        ],
        "branches": {}
      }
    },
    "timestamp": 1763442550
  }
}
